<?xml version="1.0" encoding="UTF-8"?>
<testng-results ignored="0" total="6" passed="5" failed="1" skipped="0">
  <reporter-output>
  </reporter-output>
  <suite started-at="2022-12-16T01:41:25 IST" name="Default suite" finished-at="2022-12-16T01:42:09 IST" duration-ms="44263">
    <groups>
    </groups>
    <test started-at="2022-12-16T01:41:25 IST" name="Default test" finished-at="2022-12-16T01:42:09 IST" duration-ms="44263">
      <class name="com.nest.ictak.scripts.TestClass">
        <test-method is-config="true" signature="openDriver()[pri:0, instance:com.nest.ictak.scripts.TestClass@229c6181]" started-at="2022-12-16T01:41:25 IST" name="openDriver" finished-at="2022-12-16T01:41:34 IST" duration-ms="8345" status="PASS">
          <reporter-output>
          </reporter-output>
        </test-method> <!-- openDriver -->
        <test-method signature="caseLoginInvalid()[pri:1, instance:com.nest.ictak.scripts.TestClass@229c6181]" started-at="2022-12-16T01:41:34 IST" name="caseLoginInvalid" finished-at="2022-12-16T01:41:36 IST" duration-ms="2301" status="PASS">
          <reporter-output>
          </reporter-output>
        </test-method> <!-- caseLoginInvalid -->
        <test-method signature="caseLoginValid()[pri:2, instance:com.nest.ictak.scripts.TestClass@229c6181]" started-at="2022-12-16T01:41:36 IST" name="caseLoginValid" finished-at="2022-12-16T01:41:38 IST" duration-ms="2272" status="PASS">
          <reporter-output>
          </reporter-output>
        </test-method> <!-- caseLoginValid -->
        <test-method signature="adminHome()[pri:3, instance:com.nest.ictak.scripts.TestClass@229c6181]" started-at="2022-12-16T01:41:38 IST" name="adminHome" finished-at="2022-12-16T01:41:39 IST" duration-ms="1166" status="PASS">
          <reporter-output>
          </reporter-output>
        </test-method> <!-- adminHome -->
        <test-method signature="selectAddEmployee()[pri:4, instance:com.nest.ictak.scripts.TestClass@229c6181]" started-at="2022-12-16T01:41:39 IST" name="selectAddEmployee" finished-at="2022-12-16T01:41:42 IST" duration-ms="2366" status="PASS">
          <reporter-output>
          </reporter-output>
        </test-method> <!-- selectAddEmployee -->
        <test-method signature="addEmployeeInValid()[pri:5, instance:com.nest.ictak.scripts.TestClass@229c6181]" started-at="2022-12-16T01:41:42 IST" name="addEmployeeInValid" finished-at="2022-12-16T01:42:06 IST" duration-ms="24681" status="FAIL">
          <exception class="org.openqa.selenium.NoSuchElementException">
            <message>
              <![CDATA[Cannot locate option with text: Project Co-ordinatorw
For documentation on this error, please visit: https://selenium.dev/exceptions/#no_such_element
Build info: version: '4.6.0', revision: '79f1c02ae20'
System info: os.name: 'Windows 10', os.arch: 'amd64', os.version: '10.0', java.version: '17.0.4.1'
Driver info: driver.version: unknown]]>
            </message>
            <full-stacktrace>
              <![CDATA[org.openqa.selenium.NoSuchElementException: Cannot locate option with text: Project Co-ordinatorw
For documentation on this error, please visit: https://selenium.dev/exceptions/#no_such_element
Build info: version: '4.6.0', revision: '79f1c02ae20'
System info: os.name: 'Windows 10', os.arch: 'amd64', os.version: '10.0', java.version: '17.0.4.1'
Driver info: driver.version: unknown
at org.openqa.selenium.support.ui.Select.selectByVisibleText(Select.java:153)
at com.nest.ictak.utilities.PageUtils.selectValue(PageUtils.java:28)
at com.nest.ictak.pages.AddEmployee.addEmployeeValid(AddEmployee.java:73)
at com.nest.ictak.scripts.TestClass.addEmployeeInValid(TestClass.java:112)
at java.base/jdk.internal.reflect.NativeMethodAccessorImpl.invoke0(Native Method)
at java.base/jdk.internal.reflect.NativeMethodAccessorImpl.invoke(NativeMethodAccessorImpl.java:77)
at java.base/jdk.internal.reflect.DelegatingMethodAccessorImpl.invoke(DelegatingMethodAccessorImpl.java:43)
at java.base/java.lang.reflect.Method.invoke(Method.java:568)
at org.testng.internal.invokers.MethodInvocationHelper.invokeMethod(MethodInvocationHelper.java:139)
at org.testng.internal.invokers.TestInvoker.invokeMethod(TestInvoker.java:677)
at org.testng.internal.invokers.TestInvoker.invokeTestMethod(TestInvoker.java:221)
at org.testng.internal.invokers.MethodRunner.runInSequence(MethodRunner.java:50)
at org.testng.internal.invokers.TestInvoker$MethodInvocationAgent.invoke(TestInvoker.java:962)
at org.testng.internal.invokers.TestInvoker.invokeTestMethods(TestInvoker.java:194)
at org.testng.internal.invokers.TestMethodWorker.invokeTestMethods(TestMethodWorker.java:148)
at org.testng.internal.invokers.TestMethodWorker.run(TestMethodWorker.java:128)
at java.base/java.util.ArrayList.forEach(ArrayList.java:1511)
at org.testng.TestRunner.privateRun(TestRunner.java:806)
at org.testng.TestRunner.run(TestRunner.java:601)
at org.testng.SuiteRunner.runTest(SuiteRunner.java:433)
at org.testng.SuiteRunner.runSequentially(SuiteRunner.java:427)
at org.testng.SuiteRunner.privateRun(SuiteRunner.java:387)
at org.testng.SuiteRunner.run(SuiteRunner.java:330)
at org.testng.SuiteRunnerWorker.runSuite(SuiteRunnerWorker.java:52)
at org.testng.SuiteRunnerWorker.run(SuiteRunnerWorker.java:95)
at org.testng.TestNG.runSuitesSequentially(TestNG.java:1256)
at org.testng.TestNG.runSuitesLocally(TestNG.java:1176)
at org.testng.TestNG.runSuites(TestNG.java:1099)
at org.testng.TestNG.run(TestNG.java:1067)
at org.testng.remote.AbstractRemoteTestNG.run(AbstractRemoteTestNG.java:115)
at org.testng.remote.RemoteTestNG.initAndRun(RemoteTestNG.java:251)
at org.testng.remote.RemoteTestNG.main(RemoteTestNG.java:77)
]]>
            </full-stacktrace>
          </exception> <!-- org.openqa.selenium.NoSuchElementException -->
          <reporter-output>
          </reporter-output>
        </test-method> <!-- addEmployeeInValid -->
        <test-method signature="Listmployee()[pri:7, instance:com.nest.ictak.scripts.TestClass@229c6181]" started-at="2022-12-16T01:42:06 IST" name="Listmployee" finished-at="2022-12-16T01:42:09 IST" duration-ms="3061" status="PASS">
          <reporter-output>
          </reporter-output>
        </test-method> <!-- Listmployee -->
      </class> <!-- com.nest.ictak.scripts.TestClass -->
    </test> <!-- Default test -->
  </suite> <!-- Default suite -->
</testng-results>
